<?xml version="1.0" encoding="UTF-8"?>
<testng-results ignored="0" total="1" passed="1" failed="0" skipped="0">
  <reporter-output>
  </reporter-output>
  <suite started-at="2018-09-29T15:20:00Z" name="Default suite" finished-at="2018-09-29T15:20:08Z" duration-ms="8057">
    <groups>
    </groups>
    <test started-at="2018-09-29T15:20:00Z" name="Default test" finished-at="2018-09-29T15:20:08Z" duration-ms="8057">
      <class name="salenium.Exercise2">
        <test-method is-config="true" signature="setupClass()[pri:0, instance:salenium.Exercise2@117e949d]" started-at="2018-09-29T15:20:00Z" name="setupClass" finished-at="2018-09-29T15:20:00Z" duration-ms="8" status="PASS">
          <reporter-output>
          </reporter-output>
        </test-method> <!-- setupClass -->
        <test-method is-config="true" signature="setupMethod()[pri:0, instance:salenium.Exercise2@117e949d]" started-at="2018-09-29T15:20:00Z" name="setupMethod" finished-at="2018-09-29T15:20:01Z" duration-ms="1091" status="PASS">
          <reporter-output>
          </reporter-output>
        </test-method> <!-- setupMethod -->
        <test-method signature="checkSignIn()[pri:0, instance:salenium.Exercise2@117e949d]" started-at="2018-09-29T15:20:01Z" name="checkSignIn" finished-at="2018-09-29T15:20:08Z" duration-ms="6862" status="PASS">
          <reporter-output>
          </reporter-output>
        </test-method> <!-- checkSignIn -->
        <test-method is-config="true" signature="resetMethod()[pri:0, instance:salenium.Exercise2@117e949d]" started-at="2018-09-29T15:20:08Z" name="resetMethod" finished-at="2018-09-29T15:20:08Z" duration-ms="83" status="PASS">
          <reporter-output>
          </reporter-output>
        </test-method> <!-- resetMethod -->
        <test-method is-config="true" signature="resetClass()[pri:0, instance:salenium.Exercise2@117e949d]" started-at="2018-09-29T15:20:08Z" name="resetClass" finished-at="2018-09-29T15:20:08Z" duration-ms="1" status="PASS">
          <reporter-output>
          </reporter-output>
        </test-method> <!-- resetClass -->
      </class> <!-- salenium.Exercise2 -->
    </test> <!-- Default test -->
  </suite> <!-- Default suite -->
</testng-results>
